# JRE version: OpenJDK Runtime Environment (8.0_212-b04) (build 1.8.0_212-release-1586-b04)
# Java VM: OpenJDK 64-Bit Server VM (25.212-b04 mixed mode windows-amd64 compressed oops)
Heap:
 PSYoungGen      total 59904K, used 40744K [0x00000000e0000000, 0x00000000e5700000, 0x0000000100000000)
  eden space 32768K, 80% used [0x00000000e0000000,0x00000000e19b8db8,0x00000000e2000000)
  from space 27136K, 53% used [0x00000000e3c80000,0x00000000e4a912c8,0x00000000e5700000)
  to   space 28160K, 0% used [0x00000000e2000000,0x00000000e2000000,0x00000000e3b80000)
 ParOldGen       total 144384K, used 91145K [0x00000000a0000000, 0x00000000a8d00000, 0x00000000e0000000)
  object space 144384K, 63% used [0x00000000a0000000,0x00000000a59026a8,0x00000000a8d00000)
 Metaspace       used 72592K, capacity 75524K, committed 75608K, reserved 1114112K
  class space    used 9674K, capacity 10355K, committed 10368K, reserved 1048576K
GC Heap History (10 events):
Event: 1028.395 GC heap before
{Heap before GC invocations=85 (full 5):
 PSYoungGen      total 59904K, used 26112K [0x00000000e0000000, 0x00000000e6300000, 0x0000000100000000)
  eden space 26112K, 100% used [0x00000000e0000000,0x00000000e1980000,0x00000000e1980000)
  from space 33792K, 0% used [0x00000000e1980000,0x00000000e1980000,0x00000000e3a80000)
  to   space 35328K, 0% used [0x00000000e4080000,0x00000000e4080000,0x00000000e6300000)
 ParOldGen       total 144384K, used 91129K [0x00000000a0000000, 0x00000000a8d00000, 0x00000000e0000000)
  object space 144384K, 63% used [0x00000000a0000000,0x00000000a58fe6a8,0x00000000a8d00000)
 Metaspace       used 68811K, capacity 71634K, committed 71768K, reserved 1112064K
  class space    used 9439K, capacity 10092K, committed 10112K, reserved 1048576K
Event: 1028.504 GC heap after
Heap after GC invocations=85 (full 5):
 PSYoungGen      total 58880K, used 11030K [0x00000000e0000000, 0x00000000e5e00000, 0x0000000100000000)
  eden space 28672K, 0% used [0x00000000e0000000,0x00000000e0000000,0x00000000e1c00000)
  from space 30208K, 36% used [0x00000000e4080000,0x00000000e4b45a68,0x00000000e5e00000)
  to   space 33792K, 0% used [0x00000000e1c00000,0x00000000e1c00000,0x00000000e3d00000)
 ParOldGen       total 144384K, used 91129K [0x00000000a0000000, 0x00000000a8d00000, 0x00000000e0000000)
  object space 144384K, 63% used [0x00000000a0000000,0x00000000a58fe6a8,0x00000000a8d00000)
 Metaspace       used 68811K, capacity 71634K, committed 71768K, reserved 1112064K
  class space    used 9439K, capacity 10092K, committed 10112K, reserved 1048576K
}
Event: 2595.199 GC heap before
{Heap before GC invocations=86 (full 5):
 PSYoungGen      total 58880K, used 39702K [0x00000000e0000000, 0x00000000e5e00000, 0x0000000100000000)
  eden space 28672K, 100% used [0x00000000e0000000,0x00000000e1c00000,0x00000000e1c00000)
  from space 30208K, 36% used [0x00000000e4080000,0x00000000e4b45a68,0x00000000e5e00000)
  to   space 33792K, 0% used [0x00000000e1c00000,0x00000000e1c00000,0x00000000e3d00000)
 ParOldGen       total 144384K, used 91129K [0x00000000a0000000, 0x00000000a8d00000, 0x00000000e0000000)
  object space 144384K, 63% used [0x00000000a0000000,0x00000000a58fe6a8,0x00000000a8d00000)
 Metaspace       used 71849K, capacity 74750K, committed 74840K, reserved 1114112K
  class space    used 9630K, capacity 10318K, committed 10368K, reserved 1048576K
Event: 2649.305 GC heap after
Heap after GC invocations=86 (full 5):
 PSYoungGen      total 62464K, used 13032K [0x00000000e0000000, 0x00000000e5c80000, 0x0000000100000000)
  eden space 28672K, 0% used [0x00000000e0000000,0x00000000e0000000,0x00000000e1c00000)
  from space 33792K, 38% used [0x00000000e1c00000,0x00000000e28ba090,0x00000000e3d00000)
  to   space 31744K, 0% used [0x00000000e3d80000,0x00000000e3d80000,0x00000000e5c80000)
 ParOldGen       total 144384K, used 91137K [0x00000000a0000000, 0x00000000a8d00000, 0x00000000e0000000)
  object space 144384K, 63% used [0x00000000a0000000,0x00000000a59006a8,0x00000000a8d00000)
 Metaspace       used 71849K, capacity 74750K, committed 74840K, reserved 1114112K
  class space    used 9630K, capacity 10318K, committed 10368K, reserved 1048576K
}
Event: 5941.218 GC heap before
{Heap before GC invocations=87 (full 5):
 PSYoungGen      total 62464K, used 41704K [0x00000000e0000000, 0x00000000e5c80000, 0x0000000100000000)
  eden space 28672K, 100% used [0x00000000e0000000,0x00000000e1c00000,0x00000000e1c00000)
  from space 33792K, 38% used [0x00000000e1c00000,0x00000000e28ba090,0x00000000e3d00000)
  to   space 31744K, 0% used [0x00000000e3d80000,0x00000000e3d80000,0x00000000e5c80000)
 ParOldGen       total 144384K, used 91137K [0x00000000a0000000, 0x00000000a8d00000, 0x00000000e0000000)
  object space 144384K, 63% used [0x00000000a0000000,0x00000000a59006a8,0x00000000a8d00000)
 Metaspace       used 71882K, capacity 74814K, committed 75096K, reserved 1114112K
  class space    used 9630K, capacity 10318K, committed 10368K, reserved 1048576K
Event: 5957.655 GC heap after
Heap after GC invocations=87 (full 5):
 PSYoungGen      total 59904K, used 10769K [0x00000000e0000000, 0x00000000e5a00000, 0x0000000100000000)
  eden space 30720K, 0% used [0x00000000e0000000,0x00000000e0000000,0x00000000e1e00000)
  from space 29184K, 36% used [0x00000000e3d80000,0x00000000e4804790,0x00000000e5a00000)
  to   space 30720K, 0% used [0x00000000e1e00000,0x00000000e1e00000,0x00000000e3c00000)
 ParOldGen       total 144384K, used 91145K [0x00000000a0000000, 0x00000000a8d00000, 0x00000000e0000000)
  object space 144384K, 63% used [0x00000000a0000000,0x00000000a59026a8,0x00000000a8d00000)
 Metaspace       used 71882K, capacity 74814K, committed 75096K, reserved 1114112K
  class space    used 9630K, capacity 10318K, committed 10368K, reserved 1048576K
}
Event: 9343.151 GC heap before
{Heap before GC invocations=88 (full 5):
 PSYoungGen      total 59904K, used 41489K [0x00000000e0000000, 0x00000000e5a00000, 0x0000000100000000)
  eden space 30720K, 100% used [0x00000000e0000000,0x00000000e1e00000,0x00000000e1e00000)
  from space 29184K, 36% used [0x00000000e3d80000,0x00000000e4804790,0x00000000e5a00000)
  to   space 30720K, 0% used [0x00000000e1e00000,0x00000000e1e00000,0x00000000e3c00000)
 ParOldGen       total 144384K, used 91145K [0x00000000a0000000, 0x00000000a8d00000, 0x00000000e0000000)
  object space 144384K, 63% used [0x00000000a0000000,0x00000000a59026a8,0x00000000a8d00000)
 Metaspace       used 71901K, capacity 74820K, committed 75096K, reserved 1114112K
  class space    used 9631K, capacity 10319K, committed 10368K, reserved 1048576K
Event: 9354.663 GC heap after
Heap after GC invocations=88 (full 5):
 PSYoungGen      total 61440K, used 11057K [0x00000000e0000000, 0x00000000e5900000, 0x0000000100000000)
  eden space 30720K, 0% used [0x00000000e0000000,0x00000000e0000000,0x00000000e1e00000)
  from space 30720K, 35% used [0x00000000e1e00000,0x00000000e28cc790,0x00000000e3c00000)
  to   space 29184K, 0% used [0x00000000e3c80000,0x00000000e3c80000,0x00000000e5900000)
 ParOldGen       total 144384K, used 91145K [0x00000000a0000000, 0x00000000a8d00000, 0x00000000e0000000)
  object space 144384K, 63% used [0x00000000a0000000,0x00000000a59026a8,0x00000000a8d00000)
 Metaspace       used 71901K, capacity 74820K, committed 75096K, reserved 1114112K
  class space    used 9631K, capacity 10319K, committed 10368K, reserved 1048576K
}
Event: 9506.783 GC heap before
{Heap before GC invocations=89 (full 5):
 PSYoungGen      total 61440K, used 41737K [0x00000000e0000000, 0x00000000e5900000, 0x0000000100000000)
  eden space 30720K, 99% used [0x00000000e0000000,0x00000000e1df6050,0x00000000e1e00000)
  from space 30720K, 35% used [0x00000000e1e00000,0x00000000e28cc790,0x00000000e3c00000)
  to   space 29184K, 0% used [0x00000000e3c80000,0x00000000e3c80000,0x00000000e5900000)
 ParOldGen       total 144384K, used 91145K [0x00000000a0000000, 0x00000000a8d00000, 0x00000000e0000000)
  object space 144384K, 63% used [0x00000000a0000000,0x00000000a59026a8,0x00000000a8d00000)
 Metaspace       used 72422K, capacity 75312K, committed 75352K, reserved 1114112K
  class space    used 9673K, capacity 10353K, committed 10368K, reserved 1048576K
Event: 9509.543 GC heap after
Heap after GC invocations=89 (full 5):
 PSYoungGen      total 59904K, used 14404K [0x00000000e0000000, 0x00000000e5700000, 0x0000000100000000)
  eden space 32768K, 0% used [0x00000000e0000000,0x00000000e0000000,0x00000000e2000000)
  from space 27136K, 53% used [0x00000000e3c80000,0x00000000e4a912c8,0x00000000e5700000)
  to   space 28160K, 0% used [0x00000000e2000000,0x00000000e2000000,0x00000000e3b80000)
 ParOldGen       total 144384K, used 91145K [0x00000000a0000000, 0x00000000a8d00000, 0x00000000e0000000)
  object space 144384K, 63% used [0x00000000a0000000,0x00000000a59026a8,0x00000000a8d00000)
 Metaspace       used 72422K, capacity 75312K, committed 75352K, reserved 1114112K
  class space    used 9673K, capacity 10353K, committed 10368K, reserved 1048576K
}

